The system is: Windows - 10.0.17134 - AMD64
Compiling the C compiler identification source file "CMakeCCompilerId.c" succeeded.
Compiler: C:/Program Files (x86)/Microsoft Visual Studio 14.0/VC/bin/cl.exe 
Build flags: 
Id flags: -c

The output was:
0
Microsoft (R) C/C++ Optimizing Compiler Version 19.00.24215.1 for x86
Copyright (C) Microsoft Corporation.  All rights reserved.

CMakeCCompilerId.c


Compilation of the C compiler identification source "CMakeCCompilerId.c" produced "CMakeCCompilerId.obj"

The C compiler identification is MSVC, found in "C:/Users/QuyenPham/AndroidStudioProjects/Version1/app/src/main/cpp/CMakeFiles/3.6.0-rc2/CompilerIdC/CMakeCCompilerId.obj"

Compiling the CXX compiler identification source file "CMakeCXXCompilerId.cpp" succeeded.
Compiler: C:/Program Files (x86)/Microsoft Visual Studio 14.0/VC/bin/cl.exe 
Build flags: 
Id flags: -c

The output was:
0
Microsoft (R) C/C++ Optimizing Compiler Version 19.00.24215.1 for x86
Copyright (C) Microsoft Corporation.  All rights reserved.

CMakeCXXCompilerId.cpp


Compilation of the CXX compiler identification source "CMakeCXXCompilerId.cpp" produced "CMakeCXXCompilerId.obj"

The CXX compiler identification is MSVC, found in "C:/Users/QuyenPham/AndroidStudioProjects/Version1/app/src/main/cpp/CMakeFiles/3.6.0-rc2/CompilerIdCXX/CMakeCXXCompilerId.obj"

